<?xml version="1.0" encoding="UTF-8"?>
<!-- Generated by org.testng.reporters.JUnitXMLReporter -->
<testsuite hostname="DESKTOP-TJT4TIP" ignored="2" name="Default test" tests="1" failures="0" timestamp="08 Jun 2017 01:16:41 GMT" time="23.214" errors="0">
  <testcase name="createNewAccount" time="15.655" classname="com.bruteforce.test.fahimTest"/>
  <testcase name="invalidEmail" time="0.0" classname="com.bruteforce.test.fahimTest">
    <ignored/>
  </testcase> <!-- invalidEmail -->
  <testcase name="existingEmail" time="0.0" classname="com.bruteforce.test.fahimTest">
    <ignored/>
  </testcase> <!-- existingEmail -->
</testsuite> <!-- Default test -->
