<?xml version="1.0" encoding="UTF-8"?>
<testng-results skipped="0" failed="1" ignored="4" total="5" passed="0">
  <reporter-output>
  </reporter-output>
  <suite name="Default suite" duration-ms="9712" started-at="2017-06-15T01:46:25Z" finished-at="2017-06-15T01:46:34Z">
    <groups>
    </groups>
    <test name="Default test" duration-ms="9712" started-at="2017-06-15T01:46:25Z" finished-at="2017-06-15T01:46:34Z">
      <class name="com.bruteforce.test.fahimTest">
        <test-method status="PASS" signature="beforeMethod()[pri:0, instance:com.bruteforce.test.fahimTest@91161c7]" name="beforeMethod" is-config="true" duration-ms="9489" started-at="2017-06-14T21:46:25Z" finished-at="2017-06-14T21:46:34Z">
          <reporter-output>
          </reporter-output>
        </test-method> <!-- beforeMethod -->
        <test-method status="FAIL" signature="CartValidation()[pri:5, instance:com.bruteforce.test.fahimTest@91161c7]" name="CartValidation" duration-ms="170" started-at="2017-06-14T21:46:34Z" finished-at="2017-06-14T21:46:34Z">
          <exception class="org.openqa.selenium.interactions.MoveTargetOutOfBoundsException">
            <message>
              <![CDATA[(224.5, 1105.6666870117188) is out of bounds of viewport width (1366) and height (659)
Build info: version: '3.4.0', revision: 'unknown', time: 'unknown'
System info: host: 'DESKTOP-TJT4TIP', ip: '192.168.106.1', os.name: 'Windows 10', os.arch: 'amd64', os.version: '10.0', java.version: '1.8.0_131'
Driver info: org.openqa.selenium.firefox.FirefoxDriver
Capabilities [{moz:profile=C:\Users\fahim\AppData\Local\Temp\rust_mozprofile.ViAxaoTJPJPF, rotatable=false, timeouts={implicit=0.0, pageLoad=300000.0, script=30000.0}, pageLoadStrategy=normal, platform=ANY, specificationLevel=0.0, moz:accessibilityChecks=false, acceptInsecureCerts=false, browserVersion=53.0.3, platformVersion=10.0, moz:processID=8484.0, browserName=firefox, javascriptEnabled=true, platformName=windows_nt}]
Session ID: 45003975-b8b2-4f1e-a046-2d47c3f3e406]]>
            </message>
            <full-stacktrace>
              <![CDATA[org.openqa.selenium.interactions.MoveTargetOutOfBoundsException: (224.5, 1105.6666870117188) is out of bounds of viewport width (1366) and height (659)
Build info: version: '3.4.0', revision: 'unknown', time: 'unknown'
System info: host: 'DESKTOP-TJT4TIP', ip: '192.168.106.1', os.name: 'Windows 10', os.arch: 'amd64', os.version: '10.0', java.version: '1.8.0_131'
Driver info: org.openqa.selenium.firefox.FirefoxDriver
Capabilities [{moz:profile=C:\Users\fahim\AppData\Local\Temp\rust_mozprofile.ViAxaoTJPJPF, rotatable=false, timeouts={implicit=0.0, pageLoad=300000.0, script=30000.0}, pageLoadStrategy=normal, platform=ANY, specificationLevel=0.0, moz:accessibilityChecks=false, acceptInsecureCerts=false, browserVersion=53.0.3, platformVersion=10.0, moz:processID=8484.0, browserName=firefox, javascriptEnabled=true, platformName=windows_nt}]
Session ID: 45003975-b8b2-4f1e-a046-2d47c3f3e406
	at sun.reflect.NativeConstructorAccessorImpl.newInstance0(Native Method)
	at sun.reflect.NativeConstructorAccessorImpl.newInstance(Unknown Source)
	at sun.reflect.DelegatingConstructorAccessorImpl.newInstance(Unknown Source)
	at java.lang.reflect.Constructor.newInstance(Unknown Source)
	at org.openqa.selenium.remote.http.W3CHttpResponseCodec.createException(W3CHttpResponseCodec.java:150)
	at org.openqa.selenium.remote.http.W3CHttpResponseCodec.decode(W3CHttpResponseCodec.java:115)
	at org.openqa.selenium.remote.http.W3CHttpResponseCodec.decode(W3CHttpResponseCodec.java:45)
	at org.openqa.selenium.remote.HttpCommandExecutor.execute(HttpCommandExecutor.java:164)
	at org.openqa.selenium.remote.service.DriverCommandExecutor.execute(DriverCommandExecutor.java:82)
	at org.openqa.selenium.remote.RemoteWebDriver.execute(RemoteWebDriver.java:637)
	at org.openqa.selenium.remote.RemoteWebDriver.perform(RemoteWebDriver.java:703)
	at org.openqa.selenium.interactions.Actions$BuiltAction.perform(Actions.java:631)
	at com.bruteforce.test.fahimTest.CartValidation(fahimTest.java:228)
	at sun.reflect.NativeMethodAccessorImpl.invoke0(Native Method)
	at sun.reflect.NativeMethodAccessorImpl.invoke(Unknown Source)
	at sun.reflect.DelegatingMethodAccessorImpl.invoke(Unknown Source)
	at java.lang.reflect.Method.invoke(Unknown Source)
	at org.testng.internal.MethodInvocationHelper.invokeMethod(MethodInvocationHelper.java:108)
	at org.testng.internal.Invoker.invokeMethod(Invoker.java:661)
	at org.testng.internal.Invoker.invokeTestMethod(Invoker.java:869)
	at org.testng.internal.Invoker.invokeTestMethods(Invoker.java:1193)
	at org.testng.internal.TestMethodWorker.invokeTestMethods(TestMethodWorker.java:126)
	at org.testng.internal.TestMethodWorker.run(TestMethodWorker.java:109)
	at org.testng.TestRunner.privateRun(TestRunner.java:744)
	at org.testng.TestRunner.run(TestRunner.java:602)
	at org.testng.SuiteRunner.runTest(SuiteRunner.java:380)
	at org.testng.SuiteRunner.runSequentially(SuiteRunner.java:375)
	at org.testng.SuiteRunner.privateRun(SuiteRunner.java:340)
	at org.testng.SuiteRunner.run(SuiteRunner.java:289)
	at org.testng.SuiteRunnerWorker.runSuite(SuiteRunnerWorker.java:52)
	at org.testng.SuiteRunnerWorker.run(SuiteRunnerWorker.java:86)
	at org.testng.TestNG.runSuitesSequentially(TestNG.java:1301)
	at org.testng.TestNG.runSuitesLocally(TestNG.java:1226)
	at org.testng.TestNG.runSuites(TestNG.java:1144)
	at org.testng.TestNG.run(TestNG.java:1115)
	at org.testng.remote.AbstractRemoteTestNG.run(AbstractRemoteTestNG.java:132)
	at org.testng.remote.RemoteTestNG.initAndRun(RemoteTestNG.java:230)
	at org.testng.remote.RemoteTestNG.main(RemoteTestNG.java:76)
]]>
            </full-stacktrace>
          </exception> <!-- org.openqa.selenium.interactions.MoveTargetOutOfBoundsException -->
          <reporter-output>
          </reporter-output>
        </test-method> <!-- CartValidation -->
        <test-method status="PASS" signature="afterMethod()[pri:0, instance:com.bruteforce.test.fahimTest@91161c7]" name="afterMethod" is-config="true" duration-ms="0" started-at="2017-06-14T21:46:34Z" finished-at="2017-06-14T21:46:34Z">
          <reporter-output>
          </reporter-output>
        </test-method> <!-- afterMethod -->
      </class> <!-- com.bruteforce.test.fahimTest -->
    </test> <!-- Default test -->
  </suite> <!-- Default suite -->
</testng-results>
